<?xml version="1.0" encoding="UTF-8"?>
<!-- Generated by org.testng.reporters.JUnitReportReporter -->
<testsuite hostname="DESKTOP-2L7QON7" failures="0" tests="1" name="com.testng.demo.XPathDemo" time="10.155" errors="0" timestamp="2023-06-18T23:11:53 ICT" skipped="0">
  <testcase classname="com.testng.demo.XPathDemo" name="speakLangInChrome" time="10.155"/>
  <system-out/>
</testsuite> <!-- com.testng.demo.XPathDemo -->
