<?xml version="1.0" encoding="UTF-8"?>
<!-- Generated by org.testng.reporters.JUnitReportReporter -->
<testsuite hostname="DESKTOP-2L7QON7" failures="0" tests="2" name="com.testng.demo.TestNGDemoCrossBrowser" time="16.266" errors="0" timestamp="2023-06-18T20:33:04 IST" skipped="0">
  <testcase classname="com.testng.demo.TestNGDemoCrossBrowser" name="speakLangInChrome" time="8.725"/>
  <system-out/>
  <testcase classname="com.testng.demo.TestNGDemoCrossBrowser" name="speakLangInEdge" time="7.541"/>
  <system-out/>
</testsuite> <!-- com.testng.demo.TestNGDemoCrossBrowser -->
