<?xml version="1.0" encoding="UTF-8"?>
<!-- Generated by org.testng.reporters.JUnitReportReporter -->
<testsuite hostname="DESKTOP-2L7QON7" failures="0" tests="2" name="com.testng.demo.TestNGDemoCrossBrowser" time="16.255" errors="0" timestamp="2023-07-01T22:42:56 ICT" skipped="0">
  <testcase classname="com.testng.demo.TestNGDemoCrossBrowser" name="speakLangInChrome" time="6.756"/>
  <system-out/>
  <testcase classname="com.testng.demo.TestNGDemoCrossBrowser" name="speakLangInEdge" time="9.499"/>
  <system-out/>
</testsuite> <!-- com.testng.demo.TestNGDemoCrossBrowser -->
