<?xml version="1.0" encoding="UTF-8"?>
<!-- Generated by org.testng.reporters.JUnitReportReporter -->
<testsuite hostname="DESKTOP-2L7QON7" failures="0" tests="4" name="com.testng.demo.MyAppTests" time="46.501" errors="0" timestamp="2023-06-25T23:51:24 ICT" skipped="0">
  <testcase classname="com.testng.demo.MyAppTests" name="verifyLogin" time="12.907"/>
  <system-out/>
  <testcase classname="com.testng.demo.MyAppTests" name="verifyLandingPage" time="4.472"/>
  <system-out/>
  <testcase classname="com.testng.demo.MyAppTests" name="verifySignup" time="14.660"/>
  <system-out/>
  <testcase classname="com.testng.demo.MyAppTests" name="verifySignup" time="14.462"/>
  <system-out/>
</testsuite> <!-- com.testng.demo.MyAppTests -->
