<?xml version="1.0" encoding="UTF-8"?>
<!-- Generated by org.testng.reporters.JUnitReportReporter -->
<testsuite hostname="DESKTOP-2L7QON7" failures="0" tests="1" name="com.testng.demo.SpeakLangTests" time="17.715" errors="0" timestamp="2023-06-18T20:33:04 IST" skipped="0">
  <testcase classname="com.testng.demo.SpeakLangTests" name="speakLangInChrome" time="17.715"/>
  <system-out/>
</testsuite> <!-- com.testng.demo.SpeakLangTests -->
