<?xml version="1.0" encoding="UTF-8"?>
<!-- Generated by org.testng.reporters.JUnitReportReporter -->
<testsuite hostname="DESKTOP-2L7QON7" failures="0" tests="3" name="com.testng.demo.MyAppTests" time="34.793" errors="0" timestamp="2023-07-01T20:09:10 IST" skipped="0">
  <testcase classname="com.testng.demo.MyAppTests" name="verifyLogin" time="12.871"/>
  <system-out/>
  <testcase classname="com.testng.demo.MyAppTests" name="verifyLandingPage" time="7.504"/>
  <system-out/>
  <testcase classname="com.testng.demo.MyAppTests" name="verifySignup" time="14.418"/>
  <system-out/>
</testsuite> <!-- com.testng.demo.MyAppTests -->
