<?xml version="1.0" encoding="UTF-8"?>
<!-- Generated by org.testng.reporters.JUnitReportReporter -->
<testsuite hostname="DESKTOP-2L7QON7" failures="0" tests="2" name="com.testng.demo.TestNGDemo" time="16.560" errors="0" timestamp="2023-06-18T19:52:22 IST" skipped="0">
  <testcase classname="com.testng.demo.TestNGDemo" name="speakLangInChrome" time="8.935"/>
  <system-out/>
  <testcase classname="com.testng.demo.TestNGDemo" name="speakLangInEdge" time="7.625"/>
  <system-out/>
</testsuite> <!-- com.testng.demo.TestNGDemo -->
