<?xml version="1.0" encoding="UTF-8"?>
<!-- Generated by org.testng.reporters.JUnitReportReporter -->
<testsuite hostname="DESKTOP-2L7QON7" failures="0" tests="3" name="com.testng.demo.MyAppTests" time="36.266" errors="0" timestamp="2023-07-01T23:00:59 ICT" skipped="0">
  <testcase classname="com.testng.demo.MyAppTests" name="verifySignup" time="18.233"/>
  <system-out/>
  <testcase classname="com.testng.demo.MyAppTests" name="verifyLandingPage" time="5.881"/>
  <system-out/>
  <testcase classname="com.testng.demo.MyAppTests" name="verifyLogin" time="12.152"/>
  <system-out/>
</testsuite> <!-- com.testng.demo.MyAppTests -->
